<?xml version="1.0" encoding="UTF-8"?>
<!-- Generated by org.testng.reporters.JUnitXMLReporter -->
<testsuite ignored="0" hostname="CHNMCT369326L" failures="0" tests="2" name="Default test" time="76.805" errors="0" timestamp="07 Aug 2020 10:20:03 GMT">
  <testcase classname="com.testCases.TelevisionTC" name="TC_001_SamsungTelevisionfunctionality" time="22.105"/>
  <testcase classname="com.testCases.TelevisionTC" name="TC_002_OnePlusTelevisionfunctionality" time="22.594"/>
</testsuite> <!-- Default test -->
